<?xml version="1.0" encoding="UTF-8"?>
<!-- Generated by org.testng.reporters.JUnitReportReporter -->
<testsuite hostname="Sushil" failures="0" tests="1" name="com.hrms.testcases.LoginTest" time="6.567" errors="0" timestamp="2020-06-02T10:20:18 EDT" skipped="0">
  <testcase classname="com.hrms.testcases.LoginTest" name="timeStamp" time="6.567"/>
  <system-out/>
</testsuite> <!-- com.hrms.testcases.LoginTest -->
