<?xml version="1.0" encoding="UTF-8"?>
<!-- Generated by org.testng.reporters.JUnitReportReporter -->
<testsuite hostname="Sushil" failures="0" tests="1" name="com.hrms.testcases.AddEmployeeTest" time="0.000" errors="0" timestamp="2020-06-02T10:20:18 EDT" skipped="1">
  <testcase classname="com.hrms.testcases.AddEmployeeTest" name="addEmployee" time="0.000">
    <skipped/>
  </testcase> <!-- addEmployee -->
  <system-out/>
</testsuite> <!-- com.hrms.testcases.AddEmployeeTest -->
